Base path: C:/Program Files/Unity/Hub/Editor/2019.1.3f1/Editor/Data
Cmd: initializeCompiler
Cmd: compileComputeKernel
  api=4 insize=2059 outsize=349 ok=1
Cmd: compileComputeKernel
  api=4 insize=3070 outsize=48145 ok=1
Cmd: compileComputeKernel
  api=4 insize=3396 outsize=2681 ok=1
Cmd: compileComputeKernel
  api=4 insize=18299 outsize=10377 ok=1
Cmd: compileComputeKernel
  api=4 insize=12270 outsize=2037 ok=1
Cmd: compileComputeKernel
  api=4 insize=64076 outsize=5377 ok=1
Cmd: compileComputeKernel
  api=4 insize=4482 outsize=1857 ok=1
Cmd: compileComputeKernel
  api=4 insize=27408 outsize=1425 ok=1
Cmd: compileComputeKernel
  api=4 insize=27408 outsize=1457 ok=1
Cmd: compileComputeKernel
  api=4 insize=27408 outsize=1305 ok=1
Cmd: compileComputeKernel
  api=4 insize=27408 outsize=1389 ok=1
Cmd: compileComputeKernel
  api=4 insize=1454 outsize=597 ok=1
Cmd: compileComputeKernel
  api=4 insize=20360 outsize=809 ok=1
Cmd: compileComputeKernel
  api=4 insize=20360 outsize=797 ok=1
Cmd: compileComputeKernel
  api=4 insize=20360 outsize=1437 ok=1
Cmd: compileComputeKernel
  api=4 insize=20360 outsize=1437 ok=1
Cmd: compileComputeKernel
  api=4 insize=20360 outsize=1241 ok=1
Cmd: compileSnippet
  api=4 type=0 insize=1955 outsize=650 kw= pd=UNITY_ENABLE_REFLECTION_BUFFERS UNITY_USE_DITHER_MASK_FOR_ALPHABLENDED_SHADOWS UNITY_PBS_USE_BRDF1 UNITY_SPECCUBE_BOX_PROJECTION UNITY_SPECCUBE_BLENDING UNITY_ENABLE_DETAIL_NORMALMAP SHADER_API_DESKTOP UNITY_LIGHT_PROBE_PROXY_VOLUME UNITY_LIGHTMAP_RGBM_ENCODING ok=1
