Base path: C:/Program Files/Unity/Hub/Editor/2019.1.3f1/Editor/Data
Cmd: initializeCompiler
Cmd: compileComputeKernel
  api=4 insize=18299 outsize=8681 ok=1
Cmd: compileComputeKernel
  api=4 insize=12270 outsize=2133 ok=1
Cmd: compileComputeKernel
  api=4 insize=23621 outsize=4121 ok=1
Cmd: compileComputeKernel
  api=4 insize=27408 outsize=2629 ok=1
Cmd: compileComputeKernel
  api=4 insize=27408 outsize=1857 ok=1
Cmd: compileComputeKernel
  api=4 insize=27408 outsize=2237 ok=1
Cmd: compileComputeKernel
  api=4 insize=20360 outsize=857 ok=1
Cmd: compileComputeKernel
  api=4 insize=20360 outsize=753 ok=1
Cmd: compileComputeKernel
  api=4 insize=20360 outsize=1257 ok=1
Cmd: compileComputeKernel
  api=4 insize=20360 outsize=1357 ok=1
Cmd: compileComputeKernel
  api=4 insize=20360 outsize=1625 ok=1
Cmd: compileSnippet
  api=4 type=1 insize=16611 outsize=882 kw=_SUNDISK_SIMPLE pd=UNITY_ENABLE_REFLECTION_BUFFERS UNITY_USE_DITHER_MASK_FOR_ALPHABLENDED_SHADOWS UNITY_PBS_USE_BRDF1 UNITY_SPECCUBE_BOX_PROJECTION UNITY_SPECCUBE_BLENDING UNITY_ENABLE_DETAIL_NORMALMAP SHADER_API_DESKTOP UNITY_LIGHT_PROBE_PROXY_VOLUME UNITY_LIGHTMAP_RGBM_ENCODING ok=1
